<?xml version="1.0" encoding="UTF-8"?>
<!-- Generated by org.testng.reporters.JUnitXMLReporter -->
<testsuite ignored="4" hostname="DESKTOP-RJAEOM4" failures="0" tests="2" name="Test" time="0.086" errors="0" timestamp="2023-07-28T15:52:09 IST">
  <testcase classname="TestNG_prjc.groups_1" name="f" time="0.011"/>
  <testcase classname="TestNG_prjc.groups_1" name="f2" time="0.003"/>
  <testcase classname="TestNG_prjc.groups_1" name="f1" time="0.0">
    <ignored/>
  </testcase> <!-- f1 -->
  <testcase classname="TestNG_prjc.groups_1" name="f4" time="0.0">
    <ignored/>
  </testcase> <!-- f4 -->
  <testcase classname="TestNG_prjc.groups_1" name="f5" time="0.0">
    <ignored/>
  </testcase> <!-- f5 -->
  <testcase classname="TestNG_prjc.groups_1" name="f3" time="0.0">
    <ignored/>
  </testcase> <!-- f3 -->
</testsuite> <!-- Test -->
