<?xml version="1.0" encoding="UTF-8"?>
<!-- Generated by org.testng.reporters.JUnitXMLReporter -->
<testsuite ignored="2" hostname="DESKTOP-RJAEOM4" failures="1" tests="1" name="Test(failed)" time="0.086" errors="0" timestamp="2023-07-17T19:18:51 IST">
  <testcase classname="TestNG_prjc.Test_1" name="login" time="0.021">
    <failure type="java.lang.NullPointerException" message="Cannot invoke &amp;quot;org.openqa.selenium.WebDriver.findElement(org.openqa.selenium.By)&amp;quot; because &amp;quot;TestNG_prjc.Test_1.driver&amp;quot; is null">
      <![CDATA[java.lang.NullPointerException: Cannot invoke "org.openqa.selenium.WebDriver.findElement(org.openqa.selenium.By)" because "TestNG_prjc.Test_1.driver" is null
at TestNG_prjc.Test_1.login(Test_1.java:27)
at java.base/java.util.ArrayList.forEach(ArrayList.java:1511)
... Removed 27 stack frames]]>
    </failure>
  </testcase> <!-- login -->
  <testcase classname="TestNG_prjc.Test_1" name="closeallication" time="0.0">
    <ignored/>
  </testcase> <!-- closeallication -->
  <testcase classname="TestNG_prjc.Test_1" name="openapplication" time="0.0">
    <ignored/>
  </testcase> <!-- openapplication -->
</testsuite> <!-- Test(failed) -->
